TN:
SF:/Users/prestonbernstein/DEV/personal/connect-four/connect-four-client/src/components/Header/Header.js
FN:,(anonymous_0)
FNF:1
FNH:1
FNDA:1,(anonymous_0)
DA:4,1
DA:5,1
LF:2
LH:2
BRF:0
BRH:0
end_of_record
TN:
SF:/Users/prestonbernstein/DEV/personal/connect-four/connect-four-client/src/layouts/CoreLayout/CoreLayout.js
FN:,(anonymous_0)
FNF:1
FNH:1
FNDA:1,(anonymous_0)
DA:6,1
DA:7,1
DA:15,1
LF:3
LH:3
BRF:0
BRH:0
end_of_record
TN:
SF:/Users/prestonbernstein/DEV/personal/connect-four/connect-four-client/src/components/Header/index.js
FNF:0
FNH:0
LF:0
LH:0
BRF:0
BRH:0
end_of_record
TN:
SF:/Users/prestonbernstein/DEV/personal/connect-four/connect-four-client/src/routes/ConnectFour/components/ConnectFourIndex.js
FN:,(anonymous_0)
FNF:1
FNH:1
FNDA:1,(anonymous_0)
DA:7,1
DA:8,1
DA:26,1
LF:3
LH:3
BRF:0
BRH:0
end_of_record
TN:
SF:/Users/prestonbernstein/DEV/personal/connect-four/connect-four-client/src/routes/ConnectFour/components/ConnectFourControls.js
FN:,(anonymous_0)
FN:,(anonymous_1)
FN:,(anonymous_2)
FNF:3
FNH:0
FNDA:0,(anonymous_0)
FNDA:0,(anonymous_1)
FNDA:0,(anonymous_2)
DA:4,1
DA:5,0
DA:10,1
DA:11,0
DA:18,0
DA:26,1
DA:30,1
DA:31,0
DA:37,0
DA:43,0
DA:49,0
DA:51,0
DA:97,1
LF:13
LH:5
BRDA:,0,0,0
BRDA:,0,1,0
BRDA:,1,0,0
BRDA:,1,1,0
BRF:4
BRH:0
end_of_record
TN:
SF:/Users/prestonbernstein/DEV/personal/connect-four/connect-four-client/src/routes/ConnectFour/components/ConnectFourBoard.js
FN:,(anonymous_0)
FN:,(anonymous_1)
FN:,(anonymous_2)
FNF:3
FNH:0
FNDA:0,(anonymous_0)
FNDA:0,(anonymous_1)
FNDA:0,(anonymous_2)
DA:6,1
DA:7,0
DA:13,0
DA:20,0
DA:26,0
DA:40,1
LF:6
LH:2
BRF:0
BRH:0
end_of_record
TN:
SF:/Users/prestonbernstein/DEV/personal/connect-four/connect-four-client/src/routes/ConnectFour/components/ConnectFourCell.js
FN:,(anonymous_0)
FN:,(anonymous_1)
FNF:2
FNH:0
FNDA:0,(anonymous_0)
FNDA:0,(anonymous_1)
DA:4,1
DA:5,0
DA:11,0
DA:15,0
DA:21,1
LF:5
LH:2
BRF:0
BRH:0
end_of_record
TN:
SF:/Users/prestonbernstein/DEV/personal/connect-four/connect-four-client/src/routes/ConnectFour/index.js
FN:,(anonymous_0)
FN:,(anonymous_1)
FNF:2
FNH:1
FNDA:1,(anonymous_0)
FNDA:0,(anonymous_1)
DA:3,1
DA:8,0
DA:11,0
DA:12,0
DA:15,0
DA:18,0
LF:6
LH:1
BRF:0
BRH:0
end_of_record
TN:
SF:/Users/prestonbernstein/DEV/personal/connect-four/connect-four-client/src/store/reducers.js
FN:,(anonymous_0)
FN:,(anonymous_1)
FNF:2
FNH:1
FNDA:1,(anonymous_0)
FNDA:0,(anonymous_1)
DA:4,1
DA:5,1
DA:11,1
DA:12,0
DA:14,0
DA:15,0
LF:6
LH:3
BRDA:,0,0,0
BRDA:,0,1,0
BRF:2
BRH:0
end_of_record
TN:
SF:/Users/prestonbernstein/DEV/personal/connect-four/connect-four-client/src/store/location.js
FN:,locationChange
FN:,(anonymous_1)
FN:,(anonymous_2)
FN:,locationReducer
FNF:4
FNH:4
FNDA:5,locationChange
FNDA:3,(anonymous_1)
FNDA:1,(anonymous_2)
FNDA:13,locationReducer
DA:4,1
DA:10,5
DA:19,1
DA:20,3
DA:26,1
DA:28,13
LF:6
LH:6
BRDA:,0,0,2
BRDA:,1,0,8
BRDA:,2,0,3
BRDA:,2,1,10
BRF:4
BRH:4
end_of_record
TN:
SF:/Users/prestonbernstein/DEV/personal/connect-four/connect-four-client/src/routes/ConnectFour/modules/connectFour.js
FN:,requestNewBoard
FN:,receiveNewBoard
FN:,startGame
FN:,endGame
FN:,updateBoard
FN:,resetBoard
FN:,changeCurrentPlayer
FN:,changeDifficulty
FN:,restartGame
FN:,(anonymous_9)
FN:,(anonymous_10)
FN:,(anonymous_11)
FN:,(anonymous_12)
FN:,(anonymous_13)
FN:,(anonymous_14)
FN:,(anonymous_15)
FN:,(anonymous_16)
FN:,(anonymous_17)
FN:,(anonymous_18)
FN:,(anonymous_19)
FN:,(anonymous_20)
FN:,(anonymous_21)
FN:,(anonymous_22)
FN:,(anonymous_23)
FN:,(anonymous_24)
FN:,(anonymous_25)
FN:,(anonymous_26)
FN:,(anonymous_27)
FN:,connectFourReducer
FNF:29
FNH:0
FNDA:0,requestNewBoard
FNDA:0,receiveNewBoard
FNDA:0,startGame
FNDA:0,endGame
FNDA:0,updateBoard
FNDA:0,resetBoard
FNDA:0,changeCurrentPlayer
FNDA:0,changeDifficulty
FNDA:0,restartGame
FNDA:0,(anonymous_9)
FNDA:0,(anonymous_10)
FNDA:0,(anonymous_11)
FNDA:0,(anonymous_12)
FNDA:0,(anonymous_13)
FNDA:0,(anonymous_14)
FNDA:0,(anonymous_15)
FNDA:0,(anonymous_16)
FNDA:0,(anonymous_17)
FNDA:0,(anonymous_18)
FNDA:0,(anonymous_19)
FNDA:0,(anonymous_20)
FNDA:0,(anonymous_21)
FNDA:0,(anonymous_22)
FNDA:0,(anonymous_23)
FNDA:0,(anonymous_24)
FNDA:0,(anonymous_25)
FNDA:0,(anonymous_26)
FNDA:0,(anonymous_27)
FNDA:0,connectFourReducer
DA:18,1
DA:19,1
DA:20,1
DA:21,1
DA:22,1
DA:23,1
DA:24,1
DA:25,1
DA:31,0
DA:37,0
DA:44,0
DA:50,0
DA:56,0
DA:66,0
DA:72,0
DA:78,0
DA:84,0
DA:85,0
DA:92,1
DA:93,0
DA:95,0
DA:102,1
DA:103,0
DA:104,0
DA:111,1
DA:112,0
DA:113,0
DA:116,0
DA:117,0
DA:121,0
DA:128,1
DA:129,0
DA:136,0
DA:138,0
DA:139,0
DA:142,0
DA:146,1
DA:147,0
DA:148,0
DA:149,0
DA:151,0
DA:158,1
DA:160,0
DA:166,0
DA:175,0
DA:191,0
DA:200,0
DA:201,0
DA:205,0
DA:207,0
DA:214,0
DA:215,0
DA:228,0
DA:235,0
DA:245,1
DA:262,1
DA:265,0
DA:267,0
LF:58
LH:16
BRDA:,0,0,0
BRDA:,0,1,0
BRDA:,1,0,0
BRDA:,1,1,0
BRDA:,2,0,0
BRDA:,2,1,0
BRDA:,3,0,0
BRDA:,4,0,0
BRDA:,4,1,0
BRF:9
BRH:0
end_of_record
TN:
SF:/Users/prestonbernstein/DEV/personal/connect-four/connect-four-client/src/routes/ConnectFour/utils/index.js
FN:,(anonymous_0)
FN:,(anonymous_1)
FN:,(anonymous_2)
FNF:3
FNH:0
FNDA:0,(anonymous_0)
FNDA:0,(anonymous_1)
FNDA:0,(anonymous_2)
DA:17,1
DA:18,0
DA:19,0
DA:20,0
DA:22,0
DA:25,1
DA:26,0
DA:28,0
DA:30,0
DA:32,0
DA:33,0
DA:35,0
DA:36,0
DA:38,0
DA:39,0
DA:41,0
DA:42,0
DA:44,0
DA:46,0
DA:49,1
DA:50,0
DA:53,0
DA:54,0
DA:55,0
DA:59,0
DA:60,0
DA:61,0
DA:65,0
DA:66,0
DA:70,0
DA:74,0
DA:75,0
DA:79,0
DA:85,0
DA:86,0
DA:87,0
DA:91,0
DA:92,0
DA:93,0
DA:97,0
DA:98,0
DA:102,0
DA:106,0
DA:107,0
DA:111,0
DA:114,0
DA:116,0
DA:117,0
DA:119,0
DA:122,0
DA:125,0
LF:51
LH:3
BRDA:,0,0,0
BRDA:,0,1,0
BRDA:,0,2,0
BRDA:,0,3,0
BRDA:,0,4,0
BRDA:,1,0,0
BRDA:,1,1,0
BRDA:,2,0,0
BRDA:,2,1,0
BRDA:,3,0,0
BRDA:,3,1,0
BRDA:,4,0,0
BRDA:,4,1,0
BRDA:,5,0,0
BRDA:,5,1,0
BRDA:,6,0,0
BRDA:,6,1,0
BRDA:,7,0,0
BRDA:,7,1,0
BRDA:,8,0,0
BRDA:,8,1,0
BRDA:,9,0,0
BRDA:,9,1,0
BRDA:,10,0,0
BRDA:,10,1,0
BRDA:,11,0,0
BRDA:,11,1,0
BRDA:,12,0,0
BRDA:,12,1,0
BRDA:,13,0,0
BRDA:,13,1,0
BRF:31
BRH:0
end_of_record
TN:
SF:/Users/prestonbernstein/DEV/personal/connect-four/connect-four-client/src/routes/ConnectFour/utils/boardCalculations.js
FN:,(anonymous_0)
FN:,(anonymous_1)
FN:,(anonymous_2)
FN:,(anonymous_3)
FN:,(anonymous_4)
FNF:5
FNH:0
FNDA:0,(anonymous_0)
FNDA:0,(anonymous_1)
FNDA:0,(anonymous_2)
FNDA:0,(anonymous_3)
FNDA:0,(anonymous_4)
DA:1,1
DA:3,0
DA:4,0
DA:5,0
DA:6,0
DA:7,0
DA:11,0
DA:14,1
DA:15,0
DA:18,0
DA:19,0
DA:20,0
DA:22,0
DA:26,0
DA:29,1
DA:31,0
DA:32,0
DA:33,0
DA:36,0
DA:37,0
DA:38,0
DA:40,0
DA:45,0
DA:46,0
DA:47,0
DA:49,0
DA:56,0
DA:58,0
DA:65,1
DA:66,0
DA:67,0
DA:68,0
DA:70,0
DA:74,0
DA:75,0
DA:76,0
DA:77,0
DA:78,0
DA:80,0
DA:85,0
DA:88,0
DA:89,0
DA:90,0
DA:91,0
DA:92,0
DA:94,0
DA:99,0
DA:101,0
DA:108,1
DA:109,0
DA:110,0
DA:111,0
DA:113,0
DA:117,0
DA:118,0
DA:119,0
DA:120,0
DA:121,0
DA:123,0
DA:128,0
DA:131,0
DA:132,0
DA:133,0
DA:134,0
DA:135,0
DA:137,0
DA:142,0
DA:144,0
LF:68
LH:5
BRDA:,0,0,0
BRDA:,0,1,0
BRDA:,1,0,0
BRDA:,1,1,0
BRDA:,2,0,0
BRDA:,2,1,0
BRDA:,3,0,0
BRDA:,3,1,0
BRDA:,4,0,0
BRDA:,4,1,0
BRDA:,5,0,0
BRDA:,5,1,0
BRDA:,6,0,0
BRDA:,6,1,0
BRDA:,7,0,0
BRDA:,7,1,0
BRDA:,8,0,0
BRDA:,8,1,0
BRDA:,9,0,0
BRDA:,9,1,0
BRDA:,10,0,0
BRDA:,10,1,0
BRDA:,11,0,0
BRDA:,11,1,0
BRDA:,12,0,0
BRDA:,12,1,0
BRDA:,13,0,0
BRDA:,13,1,0
BRDA:,14,0,0
BRDA:,14,1,0
BRDA:,15,0,0
BRDA:,15,1,0
BRDA:,16,0,0
BRDA:,16,1,0
BRDA:,17,0,0
BRDA:,17,1,0
BRF:36
BRH:0
end_of_record
TN:
SF:/Users/prestonbernstein/DEV/personal/connect-four/connect-four-client/src/routes/ConnectFour/utils/AIMoves.js
FN:,(anonymous_0)
FN:,(anonymous_1)
FN:,(anonymous_2)
FN:,(anonymous_3)
FN:,(anonymous_4)
FNF:5
FNH:0
FNDA:0,(anonymous_0)
FNDA:0,(anonymous_1)
FNDA:0,(anonymous_2)
FNDA:0,(anonymous_3)
FNDA:0,(anonymous_4)
DA:8,1
DA:9,0
DA:11,0
DA:13,0
DA:17,0
DA:20,0
DA:23,1
DA:24,0
DA:29,0
DA:31,0
DA:32,0
DA:35,0
DA:41,0
DA:45,0
DA:50,0
DA:53,0
DA:56,1
DA:57,0
DA:62,0
DA:65,0
DA:66,0
DA:67,0
DA:75,0
DA:79,0
DA:80,0
DA:81,0
DA:89,0
DA:92,0
DA:95,1
DA:96,0
DA:101,0
DA:104,0
DA:105,0
DA:106,0
DA:112,0
DA:116,0
DA:117,0
DA:118,0
DA:124,0
DA:127,0
DA:131,1
DA:133,0
DA:134,0
DA:135,0
DA:136,0
DA:137,0
DA:138,0
DA:139,0
DA:143,0
LF:49
LH:5
BRDA:,0,0,0
BRDA:,0,1,0
BRDA:,1,0,0
BRDA:,1,1,0
BRDA:,2,0,0
BRDA:,2,1,0
BRDA:,3,0,0
BRDA:,3,1,0
BRDA:,3,2,0
BRDA:,3,3,0
BRDA:,4,0,0
BRDA:,4,1,0
BRDA:,5,0,0
BRDA:,5,1,0
BRDA:,5,2,0
BRDA:,6,0,0
BRDA:,6,1,0
BRDA:,7,0,0
BRDA:,7,1,0
BRDA:,7,2,0
BRDA:,7,3,0
BRDA:,7,4,0
BRDA:,7,5,0
BRDA:,8,0,0
BRDA:,8,1,0
BRDA:,9,0,0
BRDA:,9,1,0
BRDA:,9,2,0
BRDA:,9,3,0
BRDA:,9,4,0
BRDA:,9,5,0
BRDA:,10,0,0
BRDA:,10,1,0
BRDA:,11,0,0
BRDA:,11,1,0
BRDA:,11,2,0
BRDA:,11,3,0
BRDA:,12,0,0
BRDA:,12,1,0
BRDA:,13,0,0
BRDA:,13,1,0
BRDA:,13,2,0
BRDA:,13,3,0
BRDA:,14,0,0
BRDA:,14,1,0
BRF:45
BRH:0
end_of_record
TN:
SF:/Users/prestonbernstein/DEV/personal/connect-four/connect-four-client/src/store/createStore.js
FN:,(anonymous_0)
FN:,(anonymous_1)
FNF:2
FNH:1
FNDA:1,(anonymous_0)
FNDA:0,(anonymous_1)
DA:11,1
DA:16,1
DA:18,1
DA:20,1
DA:21,0
DA:22,0
DA:23,0
DA:30,1
DA:38,1
DA:41,1
DA:43,1
DA:44,0
DA:45,0
DA:46,0
DA:50,1
LF:15
LH:9
BRDA:,0,0,1
BRDA:,1,0,0
BRDA:,1,1,1
BRDA:,2,0,0
BRDA:,2,1,0
BRDA:,3,0,0
BRDA:,3,1,1
BRF:7
BRH:3
end_of_record
TN:
SF:/Users/prestonbernstein/DEV/personal/connect-four/connect-four-client/src/containers/AppContainer.js
FN:,(anonymous_0)
FN:,(anonymous_1)
FNF:2
FNH:0
FNDA:0,(anonymous_0)
FNDA:0,(anonymous_1)
DA:12,0
DA:16,0
DA:18,0
LF:3
LH:0
BRF:0
BRH:0
end_of_record
TN:
SF:/Users/prestonbernstein/DEV/personal/connect-four/connect-four-client/src/layouts/CoreLayout/index.js
FNF:0
FNH:0
LF:0
LH:0
BRF:0
BRH:0
end_of_record
TN:
SF:/Users/prestonbernstein/DEV/personal/connect-four/connect-four-client/src/routes/ConnectFour/containers/ConnectFourContainer.js
FN:,(anonymous_0)
FNF:1
FNH:0
FNDA:0,(anonymous_0)
DA:20,1
DA:27,1
LF:2
LH:2
BRF:0
BRH:0
end_of_record
TN:
SF:/Users/prestonbernstein/DEV/personal/connect-four/connect-four-client/src/routes/index.js
FN:,(anonymous_0)
FNF:1
FNH:0
FNDA:0,(anonymous_0)
DA:8,1
LF:1
LH:1
BRF:0
BRH:0
end_of_record
